=== DHN-LP train | task=mg variant=v4 | seeds=[1566911444, 20241017, 20251017] ===
  [seed=1566911444] trainable params: 1054784
    epoch   1: loss=5.4555 val_loss=0.7164 bad=0
    epoch  10: loss=0.0000 val_loss=0.7851 bad=9
  [seed=1566911444] early stop at epoch 16 (best val_loss=0.7164 at epoch 1)
  [seed=1566911444] TEST  AUC=0.5118 AP=0.3423 MRR=0.6340 H@1=0.3708 H@3=1.0000 H@5=1.0000
  [seed=20241017] trainable params: 1054784
    epoch   1: loss=6.4696 val_loss=0.9029 bad=0
    epoch  10: loss=0.0002 val_loss=0.8730 bad=7
  [seed=20241017] early stop at epoch 18 (best val_loss=0.6799 at epoch 3)
  [seed=20241017] TEST  AUC=0.5181 AP=0.3446 MRR=0.6258 H@1=0.3517 H@3=1.0000 H@5=1.0000
  [seed=20251017] trainable params: 1054784
    epoch   1: loss=10.2491 val_loss=0.9245 bad=0
    epoch  10: loss=0.0905 val_loss=0.8206 bad=8
  [seed=20251017] early stop at epoch 17 (best val_loss=0.7734 at epoch 2)
  [seed=20251017] TEST  AUC=0.4707 AP=0.3181 MRR=0.5758 H@1=0.2751 H@3=1.0000 H@5=1.0000

=== Summary | task=mg variant=v4 (n=3 seeds) ===
  auc        0.5002 ± 0.0210
  ap         0.3350 ± 0.0120
  mrr        0.6118 ± 0.0257
  hits@1     0.3325 ± 0.0413
  hits@3     1.0000 ± 0.0000
  hits@5     1.0000 ± 0.0000
  f1         0.5000 ± 0.0000
  accuracy   0.3333 ± 0.0000

Wrote data/results/lp_summary_mg_v4.csv
