=== DHN-LP train | task=mg variant=v3 | seeds=[1566911444, 20241017, 20251017] ===
  [seed=1566911444] trainable params: 1054784
    epoch   1: loss=3.1480 val_loss=0.7105 bad=0
    epoch  10: loss=0.0008 val_loss=0.8773 bad=8
  [seed=1566911444] early stop at epoch 17 (best val_loss=0.6798 at epoch 2)
  [seed=1566911444] TEST  AUC=0.5278 AP=0.3502 MRR=0.6396 H@1=0.3756 H@3=1.0000 H@5=1.0000
  [seed=20241017] trainable params: 1054784
    epoch   1: loss=3.9227 val_loss=0.7538 bad=0
    epoch  10: loss=0.0002 val_loss=0.7442 bad=7
  [seed=20241017] early stop at epoch 18 (best val_loss=0.6809 at epoch 3)
  [seed=20241017] TEST  AUC=0.5147 AP=0.3464 MRR=0.6326 H@1=0.3624 H@3=1.0000 H@5=1.0000
  [seed=20251017] trainable params: 1054784
    epoch   1: loss=5.9961 val_loss=0.7437 bad=0
    epoch  10: loss=0.0004 val_loss=0.8110 bad=8
  [seed=20251017] early stop at epoch 17 (best val_loss=0.7419 at epoch 2)
  [seed=20251017] TEST  AUC=0.4559 AP=0.3083 MRR=0.5760 H@1=0.2751 H@3=1.0000 H@5=1.0000

=== Summary | task=mg variant=v3 (n=3 seeds) ===
  auc        0.4995 ± 0.0312
  ap         0.3350 ± 0.0189
  mrr        0.6160 ± 0.0285
  hits@1     0.3377 ± 0.0446
  hits@3     1.0000 ± 0.0000
  hits@5     1.0000 ± 0.0000
  f1         0.5000 ± 0.0000
  accuracy   0.3333 ± 0.0000

Wrote data/results/lp_summary_mg_v3.csv
