=== DHN-LP train | task=mg variant=v2 | seeds=[1566911444, 20241017, 20251017] ===
  [seed=1566911444] trainable params: 1054784
    epoch   1: loss=2.0780 val_loss=0.7148 bad=0
    epoch  10: loss=0.0008 val_loss=0.6858 bad=0
    epoch  20: loss=0.0000 val_loss=0.6917 bad=7
  [seed=1566911444] early stop at epoch 28 (best val_loss=0.6839 at epoch 13)
  [seed=1566911444] TEST  AUC=0.5388 AP=0.3577 MRR=0.6352 H@1=0.3672 H@3=1.0000 H@5=1.0000
  [seed=20241017] trainable params: 1054784
    epoch   1: loss=2.6886 val_loss=0.7182 bad=0
    epoch  10: loss=0.0000 val_loss=0.7609 bad=8
  [seed=20241017] early stop at epoch 17 (best val_loss=0.6948 at epoch 2)
  [seed=20241017] TEST  AUC=0.4999 AP=0.3317 MRR=0.6252 H@1=0.3648 H@3=1.0000 H@5=1.0000
  [seed=20251017] trainable params: 1054784
    epoch   1: loss=3.9130 val_loss=0.7121 bad=0
    epoch  10: loss=0.0012 val_loss=0.7502 bad=6
  [seed=20251017] early stop at epoch 19 (best val_loss=0.7095 at epoch 4)
  [seed=20251017] TEST  AUC=0.4625 AP=0.3097 MRR=0.5819 H@1=0.2871 H@3=1.0000 H@5=1.0000

=== Summary | task=mg variant=v2 (n=3 seeds) ===
  auc        0.5004 ± 0.0312
  ap         0.3330 ± 0.0196
  mrr        0.6141 ± 0.0231
  hits@1     0.3397 ± 0.0372
  hits@3     1.0000 ± 0.0000
  hits@5     1.0000 ± 0.0000
  f1         0.5000 ± 0.0000
  accuracy   0.3333 ± 0.0000

Wrote data/results/lp_summary_mg_v2.csv
