=== DHN-LP train | task=mg variant=v1 | seeds=[1566911444, 20241017, 20251017] ===
  [seed=1566911444] trainable params: 1054784
    epoch   1: loss=6.6876 val_loss=0.7923 bad=0
    epoch  10: loss=0.0018 val_loss=0.7063 bad=5
    epoch  20: loss=0.0000 val_loss=0.8567 bad=15
  [seed=1566911444] early stop at epoch 20 (best val_loss=0.6896 at epoch 5)
  [seed=1566911444] TEST  AUC=0.5053 AP=0.3339 MRR=0.6208 H@1=0.3541 H@3=1.0000 H@5=1.0000
  [seed=20241017] trainable params: 1054784
    epoch   1: loss=7.7789 val_loss=1.0112 bad=0
    epoch  10: loss=0.0014 val_loss=0.9569 bad=7
  [seed=20241017] early stop at epoch 18 (best val_loss=0.6864 at epoch 3)
  [seed=20241017] TEST  AUC=0.5153 AP=0.3436 MRR=0.6290 H@1=0.3553 H@3=1.0000 H@5=1.0000
  [seed=20251017] trainable params: 1054784
    epoch   1: loss=12.3659 val_loss=1.0441 bad=0
    epoch  10: loss=0.0627 val_loss=0.8473 bad=8
  [seed=20251017] early stop at epoch 17 (best val_loss=0.7933 at epoch 2)
  [seed=20251017] TEST  AUC=0.4712 AP=0.3189 MRR=0.5774 H@1=0.2787 H@3=1.0000 H@5=1.0000

=== Summary | task=mg variant=v1 (n=3 seeds) ===
  auc        0.4972 ± 0.0189
  ap         0.3321 ± 0.0101
  mrr        0.6091 ± 0.0227
  hits@1     0.3293 ± 0.0358
  hits@3     1.0000 ± 0.0000
  hits@5     1.0000 ± 0.0000
  f1         0.5000 ± 0.0000
  accuracy   0.3333 ± 0.0000

Wrote data/results/lp_summary_mg_v1.csv
